[M::ha_analyze_count] lowest: count[5] = 241104
[M::ha_analyze_count] highest: count[38] = 3429128
[M::ha_hist_line]     2: ************************************ 1241374
[M::ha_hist_line]     3: ********** 333962
[M::ha_hist_line]     4: ******* 233002
[M::ha_hist_line]     5: ******* 241104
[M::ha_hist_line]     6: ******** 261328
[M::ha_hist_line]     7: ********* 315460
[M::ha_hist_line]     8: *********** 383262
[M::ha_hist_line]     9: ************** 481500
[M::ha_hist_line]    10: ***************** 576378
[M::ha_hist_line]    11: ******************** 698904
[M::ha_hist_line]    12: ************************ 817019
[M::ha_hist_line]    13: *************************** 930108
[M::ha_hist_line]    14: ****************************** 1025125
[M::ha_hist_line]    15: ********************************* 1129057
[M::ha_hist_line]    16: ************************************* 1252063
[M::ha_hist_line]    17: *************************************** 1334598
[M::ha_hist_line]    18: **************************************** 1381567
[M::ha_hist_line]    19: **************************************** 1388811
[M::ha_hist_line]    20: ***************************************** 1413783
[M::ha_hist_line]    21: ***************************************** 1404096
[M::ha_hist_line]    22: **************************************** 1385589
[M::ha_hist_line]    23: **************************************** 1355881
[M::ha_hist_line]    24: *************************************** 1328480
[M::ha_hist_line]    25: **************************************** 1361759
[M::ha_hist_line]    26: ***************************************** 1406616
[M::ha_hist_line]    27: ******************************************* 1482523
[M::ha_hist_line]    28: *********************************************** 1619881
[M::ha_hist_line]    29: ***************************************************** 1817576
[M::ha_hist_line]    30: ************************************************************ 2050275
[M::ha_hist_line]    31: ********************************************************************* 2349331
[M::ha_hist_line]    32: **************************************************************************** 2592318
[M::ha_hist_line]    33: ********************************************************************************* 2784187
[M::ha_hist_line]    34: ************************************************************************************** 2955812
[M::ha_hist_line]    35: ****************************************************************************************** 3100645
[M::ha_hist_line]    36: *********************************************************************************************** 3266611
[M::ha_hist_line]    37: ************************************************************************************************** 3352561
[M::ha_hist_line]    38: **************************************************************************************************** 3429128
[M::ha_hist_line]    39: **************************************************************************************************** 3421722
[M::ha_hist_line]    40: ************************************************************************************************** 3361913
[M::ha_hist_line]    41: *********************************************************************************************** 3260661
[M::ha_hist_line]    42: ******************************************************************************************** 3140878
[M::ha_hist_line]    43: ************************************************************************************** 2948033
[M::ha_hist_line]    44: ******************************************************************************** 2744324
[M::ha_hist_line]    45: ************************************************************************ 2457462
[M::ha_hist_line]    46: **************************************************************** 2204279
[M::ha_hist_line]    47: ******************************************************** 1927722
[M::ha_hist_line]    48: ************************************************* 1690283
[M::ha_hist_line]    49: ******************************************* 1473137
[M::ha_hist_line]    50: ************************************ 1246240
[M::ha_hist_line]    51: ******************************* 1049857
[M::ha_hist_line]    52: ************************** 882919
[M::ha_hist_line]    53: ********************* 734158
[M::ha_hist_line]    54: ****************** 604924
[M::ha_hist_line]    55: ************** 490962
[M::ha_hist_line]    56: *********** 387731
[M::ha_hist_line]    57: ********* 310120
[M::ha_hist_line]    58: ******* 254745
[M::ha_hist_line]    59: ****** 200679
[M::ha_hist_line]    60: **** 152400
[M::ha_hist_line]    61: **** 122337
[M::ha_hist_line]    62: *** 101008
[M::ha_hist_line]    63: ** 80770
[M::ha_hist_line]    64: ** 65396
[M::ha_hist_line]    65: ** 56255
[M::ha_hist_line]    66: * 49495
[M::ha_hist_line]    67: * 45768
[M::ha_hist_line]    68: * 40869
[M::ha_hist_line]    69: * 38383
[M::ha_hist_line]    70: * 37046
[M::ha_hist_line]    71: * 32422
[M::ha_hist_line]    72: * 29961
[M::ha_hist_line]    73: * 26542
[M::ha_hist_line]    74: * 23807
[M::ha_hist_line]    75: * 23485
[M::ha_hist_line]    76: * 20467
[M::ha_hist_line]    77: * 20095
[M::ha_hist_line]    78: * 19041
[M::ha_hist_line]    79: * 19559
[M::ha_hist_line]    80: * 21134
[M::ha_hist_line]    81: * 19758
[M::ha_hist_line]    82: * 19385
[M::ha_hist_line]    83: * 19542
[M::ha_hist_line]    84: * 19463
[M::ha_hist_line]    85: * 17897
[M::ha_hist_line]  rest: ******************************* 1061283
[M::ha_analyze_count] left: count[20] = 1413783
[M::ha_analyze_count] right: none
[M::ha_ft_gen] peak_hom: 38; peak_het: 20
[M::ha_ct_shrink::135.268*5.88] ==> counted 454370 distinct minimizer k-mers
[M::ha_ft_gen::135.560*5.87@17.678GB] ==> filtered out 454370 k-mers occurring 190 or more times
[M::ha_opt_update_cov] updated max_n_chain to 190
[M::yak_count] collected 132406277 minimizers
[M::ha_pt_gen::167.474*6.34] ==> counted 6646740 distinct minimizer k-mers
[M::ha_pt_gen] count[4095] = 0 (for sanity check)
[M::ha_analyze_count] lowest: count[5] = 17745
[M::ha_analyze_count] highest: count[38] = 134989
[M::ha_hist_line]     1: ****************************************************************************************************> 2796267
[M::ha_hist_line]     2: ***************************************************************************************** 120481
[M::ha_hist_line]     3: ************************* 33521
[M::ha_hist_line]     4: *************** 20127
[M::ha_hist_line]     5: ************* 17745
[M::ha_hist_line]     6: ************* 18095
[M::ha_hist_line]     7: *************** 20199
[M::ha_hist_line]     8: ***************** 22916
[M::ha_hist_line]     9: ******************** 27257
[M::ha_hist_line]    10: *********************** 30639
[M::ha_hist_line]    11: ************************** 35645
[M::ha_hist_line]    12: ***************************** 39509
[M::ha_hist_line]    13: ******************************** 43204
[M::ha_hist_line]    14: ********************************** 45949
[M::ha_hist_line]    15: ************************************* 49418
[M::ha_hist_line]    16: **************************************** 54236
[M::ha_hist_line]    17: ****************************************** 57229
[M::ha_hist_line]    18: ******************************************* 58569
[M::ha_hist_line]    19: ******************************************** 58784
[M::ha_hist_line]    20: ******************************************** 59497
[M::ha_hist_line]    21: ******************************************** 58755
[M::ha_hist_line]    22: ******************************************* 57668
[M::ha_hist_line]    23: ****************************************** 56680
[M::ha_hist_line]    24: ***************************************** 55482
[M::ha_hist_line]    25: ****************************************** 56783
[M::ha_hist_line]    26: ******************************************* 58683
[M::ha_hist_line]    27: ********************************************* 61394
[M::ha_hist_line]    28: ************************************************** 67141
[M::ha_hist_line]    29: ******************************************************** 75403
[M::ha_hist_line]    30: *************************************************************** 84714
[M::ha_hist_line]    31: *********************************************************************** 96134
[M::ha_hist_line]    32: ****************************************************************************** 105154
[M::ha_hist_line]    33: *********************************************************************************** 112027
[M::ha_hist_line]    34: **************************************************************************************** 118724
[M::ha_hist_line]    35: ******************************************************************************************** 124169
[M::ha_hist_line]    36: ************************************************************************************************* 130799
[M::ha_hist_line]    37: *************************************************************************************************** 133350
[M::ha_hist_line]    38: **************************************************************************************************** 134989
[M::ha_hist_line]    39: **************************************************************************************************** 134690
[M::ha_hist_line]    40: ************************************************************************************************** 132213
[M::ha_hist_line]    41: ********************************************************************************************** 127207
[M::ha_hist_line]    42: ******************************************************************************************* 122489
[M::ha_hist_line]    43: ************************************************************************************* 114232
[M::ha_hist_line]    44: ****************************************************************************** 105750
[M::ha_hist_line]    45: ********************************************************************** 94115
[M::ha_hist_line]    46: *************************************************************** 84529
[M::ha_hist_line]    47: ******************************************************* 73711
[M::ha_hist_line]    48: ************************************************ 64847
[M::ha_hist_line]    49: ****************************************** 56286
[M::ha_hist_line]    50: *********************************** 47526
[M::ha_hist_line]    51: ****************************** 40369
[M::ha_hist_line]    52: ************************* 33660
[M::ha_hist_line]    53: ********************* 27891
[M::ha_hist_line]    54: ***************** 23147
[M::ha_hist_line]    55: ************** 18691
[M::ha_hist_line]    56: *********** 15208
[M::ha_hist_line]    57: ********* 12089
[M::ha_hist_line]    58: ******* 10089
[M::ha_hist_line]    59: ****** 8232
[M::ha_hist_line]    60: ***** 6318
[M::ha_hist_line]    61: **** 5222
[M::ha_hist_line]    62: *** 4325
[M::ha_hist_line]    63: *** 3617
[M::ha_hist_line]    64: ** 3055
[M::ha_hist_line]    65: ** 2718
[M::ha_hist_line]    66: ** 2474
[M::ha_hist_line]    67: ** 2336
[M::ha_hist_line]    68: ** 2197
[M::ha_hist_line]    69: ** 2186
[M::ha_hist_line]    70: * 1992
[M::ha_hist_line]    71: * 1843
[M::ha_hist_line]    72: * 1745
[M::ha_hist_line]    73: * 1526
[M::ha_hist_line]    74: * 1423
[M::ha_hist_line]    75: * 1325
[M::ha_hist_line]    76: * 1315
[M::ha_hist_line]    77: * 1364
[M::ha_hist_line]    78: * 1252
[M::ha_hist_line]    79: * 1253
[M::ha_hist_line]    80: * 1220
[M::ha_hist_line]    81: * 1260
[M::ha_hist_line]    82: * 1173
[M::ha_hist_line]    83: * 1196
[M::ha_hist_line]    84: * 1214
[M::ha_hist_line]    85: * 1062
[M::ha_hist_line]    86: * 993
[M::ha_hist_line]    87: * 1046
[M::ha_hist_line]    88: * 1066
[M::ha_hist_line]    89: * 995
[M::ha_hist_line]    90: * 939
[M::ha_hist_line]    91: * 861
[M::ha_hist_line]    92: * 812
[M::ha_hist_line]    93: * 806
[M::ha_hist_line]    94: * 858
[M::ha_hist_line]    95: * 800
[M::ha_hist_line]    96: * 828
[M::ha_hist_line]    97: * 703
[M::ha_hist_line]    98: * 757
[M::ha_hist_line]    99: * 761
[M::ha_hist_line]   100: * 735
[M::ha_hist_line]  rest: ************************ 32862
[M::ha_analyze_count] left: count[20] = 59497
[M::ha_analyze_count] right: none
[M::ha_pt_gen] peak_hom: 38; peak_het: 20
[M::ha_ct_shrink::167.494*6.34] ==> counted 3850473 distinct minimizer k-mers
[M::ha_pt_gen::] counting in normal mode
[M::yak_count] collected 132406277 minimizers
[M::ha_pt_gen::187.474*7.05] ==> indexed 129610010 positions, counted 3850473 distinct minimizer k-mers
[M::pec::237.137] # bases: 5101111620; # corrected bases: 11878378
[M::ha_assemble::425.398*20.90@17.678GB] ==> corrected reads for round 1
[M::ha_assemble] # bases: 5101111620; # corrected bases: 11878378
[M::yak_count] collected 131823738 minimizers
[M::ha_pt_gen::444.064*20.55] ==> counted 3900180 distinct minimizer k-mers
[M::ha_pt_gen] count[4095] = 0 (for sanity check)
[M::ha_analyze_count] lowest: count[5] = 14245
[M::ha_analyze_count] highest: count[39] = 133868
[M::ha_hist_line]     1: ****************************************************************************************************> 176912
[M::ha_hist_line]     2: ********************* 27943
[M::ha_hist_line]     3: *********** 14527
[M::ha_hist_line]     4: ********** 13447
[M::ha_hist_line]     5: *********** 14245
[M::ha_hist_line]     6: ************ 15973
[M::ha_hist_line]     7: ************** 18172
[M::ha_hist_line]     8: **************** 21200
[M::ha_hist_line]     9: ******************* 25989
[M::ha_hist_line]    10: ********************* 28348
[M::ha_hist_line]    11: ************************* 33327
[M::ha_hist_line]    12: **************************** 37988
[M::ha_hist_line]    13: ****************************** 40805
[M::ha_hist_line]    14: ********************************* 43683
[M::ha_hist_line]    15: *********************************** 47236
[M::ha_hist_line]    16: *************************************** 52173
[M::ha_hist_line]    17: ***************************************** 55010
[M::ha_hist_line]    18: ******************************************* 57359
[M::ha_hist_line]    19: ******************************************* 57346
[M::ha_hist_line]    20: ******************************************* 58035
[M::ha_hist_line]    21: ******************************************* 58115
[M::ha_hist_line]    22: ******************************************* 57174
[M::ha_hist_line]    23: ****************************************** 55953
[M::ha_hist_line]    24: ***************************************** 54273
[M::ha_hist_line]    25: ***************************************** 54808
[M::ha_hist_line]    26: ****************************************** 56461
[M::ha_hist_line]    27: ******************************************* 57667
[M::ha_hist_line]    28: *********************************************** 62471
[M::ha_hist_line]    29: **************************************************** 69205
[M::ha_hist_line]    30: ********************************************************* 75976
[M::ha_hist_line]    31: ****************************************************************** 88118
[M::ha_hist_line]    32: ************************************************************************** 98708
[M::ha_hist_line]    33: ******************************************************************************* 106269
[M::ha_hist_line]    34: ************************************************************************************* 113488
[M::ha_hist_line]    35: ***************************************************************************************** 118926
[M::ha_hist_line]    36: ********************************************************************************************* 125054
[M::ha_hist_line]    37: ************************************************************************************************ 127945
[M::ha_hist_line]    38: **************************************************************************************************** 133758
[M::ha_hist_line]    39: **************************************************************************************************** 133868
[M::ha_hist_line]    40: *************************************************************************************************** 131999
[M::ha_hist_line]    41: ************************************************************************************************* 129247
[M::ha_hist_line]    42: ********************************************************************************************** 126256
[M::ha_hist_line]    43: ***************************************************************************************** 119502
[M::ha_hist_line]    44: ************************************************************************************ 112406
[M::ha_hist_line]    45: **************************************************************************** 101290
[M::ha_hist_line]    46: ********************************************************************* 91951
[M::ha_hist_line]    47: ************************************************************* 80992
[M::ha_hist_line]    48: ****************************************************** 71997
[M::ha_hist_line]    49: *********************************************** 62512
[M::ha_hist_line]    50: **************************************** 54027
[M::ha_hist_line]    51: ********************************** 45558
[M::ha_hist_line]    52: ***************************** 38552
[M::ha_hist_line]    53: ************************ 32527
[M::ha_hist_line]    54: ******************** 27008
[M::ha_hist_line]    55: ***************** 22758
[M::ha_hist_line]    56: ************* 17958
[M::ha_hist_line]    57: *********** 14197
[M::ha_hist_line]    58: ********* 12142
[M::ha_hist_line]    59: ******* 9409
[M::ha_hist_line]    60: ****** 7983
[M::ha_hist_line]    61: ***** 6367
[M::ha_hist_line]    62: **** 5042
[M::ha_hist_line]    63: *** 4290
[M::ha_hist_line]    64: ** 3344
[M::ha_hist_line]    65: ** 3043
[M::ha_hist_line]    66: ** 2584
[M::ha_hist_line]    67: ** 2418
[M::ha_hist_line]    68: ** 2514
[M::ha_hist_line]    69: ** 2215
[M::ha_hist_line]    70: ** 2021
[M::ha_hist_line]    71: ** 2011
[M::ha_hist_line]    72: * 1922
[M::ha_hist_line]    73: * 1643
[M::ha_hist_line]    74: * 1528
[M::ha_hist_line]    75: * 1357
[M::ha_hist_line]    76: * 1364
[M::ha_hist_line]    77: * 1197
[M::ha_hist_line]    78: * 1330
[M::ha_hist_line]    79: * 1281
[M::ha_hist_line]    80: * 1172
[M::ha_hist_line]    81: * 1135
[M::ha_hist_line]    82: * 1305
[M::ha_hist_line]    83: * 1131
[M::ha_hist_line]    84: * 1266
[M::ha_hist_line]    85: * 1110
[M::ha_hist_line]    86: * 1116
[M::ha_hist_line]    87: * 923
[M::ha_hist_line]    88: * 1062
[M::ha_hist_line]    89: * 1064
[M::ha_hist_line]    90: * 988
[M::ha_hist_line]    91: * 1018
[M::ha_hist_line]    92: * 813
[M::ha_hist_line]    93: * 843
[M::ha_hist_line]    94: * 878
[M::ha_hist_line]    95: * 761
[M::ha_hist_line]    96: * 806
[M::ha_hist_line]    97: * 775
[M::ha_hist_line]    98: * 751
[M::ha_hist_line]    99: * 712
[M::ha_hist_line]   100: * 717
[M::ha_hist_line]   101: * 734
[M::ha_hist_line]   102: * 706
[M::ha_hist_line]   103: * 684
[M::ha_hist_line]  rest: ************************ 32013
[M::ha_analyze_count] left: count[21] = 58115
[M::ha_analyze_count] right: none
[M::ha_pt_gen] peak_hom: 39; peak_het: 21
[M::ha_ct_shrink::444.084*20.55] ==> counted 3723268 distinct minimizer k-mers
[M::ha_pt_gen::] counting in normal mode
[M::yak_count] collected 131823738 minimizers
[M::ha_pt_gen::466.124*20.14] ==> indexed 131646826 positions, counted 3723268 distinct minimizer k-mers
[M::pec::175.543] # bases: 5096963344; # corrected bases: 337436
[M::ha_assemble::642.124*23.34@17.678GB] ==> corrected reads for round 2
[M::ha_assemble] # bases: 5096963344; # corrected bases: 337436
[M::yak_count] collected 131769783 minimizers
[M::ha_pt_gen::660.374*23.06] ==> counted 3847648 distinct minimizer k-mers
[M::ha_pt_gen] count[4095] = 0 (for sanity check)
[M::ha_analyze_count] lowest: count[5] = 13993
[M::ha_analyze_count] highest: count[38] = 133808
[M::ha_hist_line]     1: ************************************************************************************************ 128538
[M::ha_hist_line]     2: ******************* 25932
[M::ha_hist_line]     3: ********** 13705
[M::ha_hist_line]     4: ********** 13188
[M::ha_hist_line]     5: ********** 13993
[M::ha_hist_line]     6: ************ 15812
[M::ha_hist_line]     7: ************* 17960
[M::ha_hist_line]     8: **************** 21172
[M::ha_hist_line]     9: ******************* 26080
[M::ha_hist_line]    10: ********************* 28340
[M::ha_hist_line]    11: ************************* 33214
[M::ha_hist_line]    12: **************************** 37911
[M::ha_hist_line]    13: ******************************* 40836
[M::ha_hist_line]    14: ********************************* 43688
[M::ha_hist_line]    15: *********************************** 47062
[M::ha_hist_line]    16: *************************************** 52226
[M::ha_hist_line]    17: ***************************************** 54958
[M::ha_hist_line]    18: ******************************************* 57311
[M::ha_hist_line]    19: ******************************************* 57289
[M::ha_hist_line]    20: ******************************************* 57994
[M::ha_hist_line]    21: ******************************************* 58127
[M::ha_hist_line]    22: ******************************************* 57233
[M::ha_hist_line]    23: ****************************************** 56030
[M::ha_hist_line]    24: **************************************** 54182
[M::ha_hist_line]    25: ***************************************** 54801
[M::ha_hist_line]    26: ****************************************** 56542
[M::ha_hist_line]    27: ******************************************* 57540
[M::ha_hist_line]    28: *********************************************** 62404
[M::ha_hist_line]    29: **************************************************** 69110
[M::ha_hist_line]    30: ********************************************************* 75903
[M::ha_hist_line]    31: ****************************************************************** 88115
[M::ha_hist_line]    32: ************************************************************************** 98512
[M::ha_hist_line]    33: ******************************************************************************* 106185
[M::ha_hist_line]    34: ************************************************************************************* 113369
[M::ha_hist_line]    35: ***************************************************************************************** 119052
[M::ha_hist_line]    36: ********************************************************************************************* 125000
[M::ha_hist_line]    37: *********************************************************************************************** 127726
[M::ha_hist_line]    38: **************************************************************************************************** 133808
[M::ha_hist_line]    39: **************************************************************************************************** 133765
[M::ha_hist_line]    40: *************************************************************************************************** 131846
[M::ha_hist_line]    41: ************************************************************************************************* 129222
[M::ha_hist_line]    42: ********************************************************************************************** 126385
[M::ha_hist_line]    43: ***************************************************************************************** 119616
[M::ha_hist_line]    44: ************************************************************************************ 112443
[M::ha_hist_line]    45: **************************************************************************** 101310
[M::ha_hist_line]    46: ********************************************************************* 92020
[M::ha_hist_line]    47: ************************************************************* 81012
[M::ha_hist_line]    48: ****************************************************** 72132
[M::ha_hist_line]    49: *********************************************** 62584
[M::ha_hist_line]    50: **************************************** 54032
[M::ha_hist_line]    51: ********************************** 45624
[M::ha_hist_line]    52: ***************************** 38600
[M::ha_hist_line]    53: ************************ 32552
[M::ha_hist_line]    54: ******************** 26954
[M::ha_hist_line]    55: ***************** 22852
[M::ha_hist_line]    56: ************* 18026
[M::ha_hist_line]    57: *********** 14104
[M::ha_hist_line]    58: ********* 12217
[M::ha_hist_line]    59: ******* 9451
[M::ha_hist_line]    60: ****** 8080
[M::ha_hist_line]    61: ***** 6424
[M::ha_hist_line]    62: **** 5034
[M::ha_hist_line]    63: *** 4303
[M::ha_hist_line]    64: *** 3367
[M::ha_hist_line]    65: ** 3064
[M::ha_hist_line]    66: ** 2590
[M::ha_hist_line]    67: ** 2437
[M::ha_hist_line]    68: ** 2499
[M::ha_hist_line]    69: ** 2201
[M::ha_hist_line]    70: ** 2050
[M::ha_hist_line]    71: * 1969
[M::ha_hist_line]    72: * 1916
[M::ha_hist_line]    73: * 1631
[M::ha_hist_line]    74: * 1504
[M::ha_hist_line]    75: * 1376
[M::ha_hist_line]    76: * 1394
[M::ha_hist_line]    77: * 1194
[M::ha_hist_line]    78: * 1347
[M::ha_hist_line]    79: * 1262
[M::ha_hist_line]    80: * 1141
[M::ha_hist_line]    81: * 1148
[M::ha_hist_line]    82: * 1291
[M::ha_hist_line]    83: * 1134
[M::ha_hist_line]    84: * 1272
[M::ha_hist_line]    85: * 1108
[M::ha_hist_line]    86: * 1138
[M::ha_hist_line]    87: * 923
[M::ha_hist_line]    88: * 1088
[M::ha_hist_line]    89: * 1059
[M::ha_hist_line]    90: * 1028
[M::ha_hist_line]    91: * 979
[M::ha_hist_line]    92: * 835
[M::ha_hist_line]    93: * 851
[M::ha_hist_line]    94: * 864
[M::ha_hist_line]    95: * 784
[M::ha_hist_line]    96: * 801
[M::ha_hist_line]    97: * 777
[M::ha_hist_line]    98: * 739
[M::ha_hist_line]    99: * 699
[M::ha_hist_line]   100: * 709
[M::ha_hist_line]   101: * 759
[M::ha_hist_line]   102: * 710
[M::ha_hist_line]  rest: ************************ 32574
[M::ha_analyze_count] left: count[21] = 58127
[M::ha_analyze_count] right: none
[M::ha_pt_gen] peak_hom: 38; peak_het: 21
[M::ha_ct_shrink::660.392*23.06] ==> counted 3719110 distinct minimizer k-mers
[M::ha_pt_gen::] counting in normal mode
[M::yak_count] collected 131769783 minimizers
[M::ha_pt_gen::682.083*22.71] ==> indexed 131641245 positions, counted 3719110 distinct minimizer k-mers
[M::pec::131.587] # bases: 5096943843; # corrected bases: 109303
[M::ha_assemble::815.821*24.19@17.678GB] ==> corrected reads for round 3
[M::ha_assemble] # bases: 5096943843; # corrected bases: 109303
[M::yak_count] collected 131755447 minimizers
[M::ha_pt_gen::834.682*23.92] ==> counted 3841199 distinct minimizer k-mers
[M::ha_pt_gen] count[4095] = 0 (for sanity check)
[M::ha_analyze_count] lowest: count[5] = 13947
[M::ha_analyze_count] highest: count[38] = 133830
[M::ha_hist_line]     1: ******************************************************************************************** 123335
[M::ha_hist_line]     2: ******************* 25340
[M::ha_hist_line]     3: ********** 13498
[M::ha_hist_line]     4: ********** 13089
[M::ha_hist_line]     5: ********** 13947
[M::ha_hist_line]     6: ************ 15751
[M::ha_hist_line]     7: ************* 17959
[M::ha_hist_line]     8: **************** 21135
[M::ha_hist_line]     9: ******************* 26065
[M::ha_hist_line]    10: ********************* 28312
[M::ha_hist_line]    11: ************************* 33217
[M::ha_hist_line]    12: **************************** 37877
[M::ha_hist_line]    13: ******************************* 40850
[M::ha_hist_line]    14: ********************************* 43660
[M::ha_hist_line]    15: *********************************** 47041
[M::ha_hist_line]    16: *************************************** 52272
[M::ha_hist_line]    17: ***************************************** 54947
[M::ha_hist_line]    18: ******************************************* 57316
[M::ha_hist_line]    19: ******************************************* 57260
[M::ha_hist_line]    20: ******************************************* 58034
[M::ha_hist_line]    21: ******************************************* 58128
[M::ha_hist_line]    22: ******************************************* 57216
[M::ha_hist_line]    23: ****************************************** 56012
[M::ha_hist_line]    24: ***************************************** 54223
[M::ha_hist_line]    25: ***************************************** 54765
[M::ha_hist_line]    26: ****************************************** 56549
[M::ha_hist_line]    27: ******************************************* 57509
[M::ha_hist_line]    28: *********************************************** 62379
[M::ha_hist_line]    29: **************************************************** 69146
[M::ha_hist_line]    30: ********************************************************* 75865
[M::ha_hist_line]    31: ****************************************************************** 88113
[M::ha_hist_line]    32: ************************************************************************** 98505
[M::ha_hist_line]    33: ******************************************************************************* 106147
[M::ha_hist_line]    34: ************************************************************************************* 113377
[M::ha_hist_line]    35: ***************************************************************************************** 119057
[M::ha_hist_line]    36: ********************************************************************************************* 124982
[M::ha_hist_line]    37: *********************************************************************************************** 127710
[M::ha_hist_line]    38: **************************************************************************************************** 133830
[M::ha_hist_line]    39: **************************************************************************************************** 133727
[M::ha_hist_line]    40: *************************************************************************************************** 131830
[M::ha_hist_line]    41: ************************************************************************************************* 129294
[M::ha_hist_line]    42: ********************************************************************************************** 126301
[M::ha_hist_line]    43: ***************************************************************************************** 119615
[M::ha_hist_line]    44: ************************************************************************************ 112466
[M::ha_hist_line]    45: **************************************************************************** 101326
[M::ha_hist_line]    46: ********************************************************************* 92037
[M::ha_hist_line]    47: ************************************************************* 81034
[M::ha_hist_line]    48: ****************************************************** 72120
[M::ha_hist_line]    49: *********************************************** 62568
[M::ha_hist_line]    50: **************************************** 54051
[M::ha_hist_line]    51: ********************************** 45640
[M::ha_hist_line]    52: ***************************** 38587
[M::ha_hist_line]    53: ************************ 32577
[M::ha_hist_line]    54: ******************** 26949
[M::ha_hist_line]    55: ***************** 22854
[M::ha_hist_line]    56: ************* 18006
[M::ha_hist_line]    57: *********** 14128
[M::ha_hist_line]    58: ********* 12221
[M::ha_hist_line]    59: ******* 9454
[M::ha_hist_line]    60: ****** 8087
[M::ha_hist_line]    61: ***** 6382
[M::ha_hist_line]    62: **** 5028
[M::ha_hist_line]    63: *** 4333
[M::ha_hist_line]    64: *** 3379
[M::ha_hist_line]    65: ** 3058
[M::ha_hist_line]    66: ** 2583
[M::ha_hist_line]    67: ** 2413
[M::ha_hist_line]    68: ** 2509
[M::ha_hist_line]    69: ** 2190
[M::ha_hist_line]    70: ** 2053
[M::ha_hist_line]    71: * 1981
[M::ha_hist_line]    72: * 1908
[M::ha_hist_line]    73: * 1627
[M::ha_hist_line]    74: * 1516
[M::ha_hist_line]    75: * 1372
[M::ha_hist_line]    76: * 1387
[M::ha_hist_line]    77: * 1200
[M::ha_hist_line]    78: * 1375
[M::ha_hist_line]    79: * 1250
[M::ha_hist_line]    80: * 1138
[M::ha_hist_line]    81: * 1149
[M::ha_hist_line]    82: * 1280
[M::ha_hist_line]    83: * 1132
[M::ha_hist_line]    84: * 1279
[M::ha_hist_line]    85: * 1097
[M::ha_hist_line]    86: * 1138
[M::ha_hist_line]    87: * 915
[M::ha_hist_line]    88: * 1089
[M::ha_hist_line]    89: * 1061
[M::ha_hist_line]    90: * 1026
[M::ha_hist_line]    91: * 990
[M::ha_hist_line]    92: * 826
[M::ha_hist_line]    93: * 843
[M::ha_hist_line]    94: * 857
[M::ha_hist_line]    95: * 799
[M::ha_hist_line]    96: * 796
[M::ha_hist_line]    97: * 790
[M::ha_hist_line]    98: * 752
[M::ha_hist_line]    99: * 695
[M::ha_hist_line]   100: * 711
[M::ha_hist_line]   101: * 764
[M::ha_hist_line]   102: * 699
[M::ha_hist_line]  rest: ************************ 32539
[M::ha_analyze_count] left: count[21] = 58128
[M::ha_analyze_count] right: none
[M::ha_pt_gen] peak_hom: 38; peak_het: 21
[M::ha_ct_shrink::834.699*23.92] ==> counted 3717864 distinct minimizer k-mers
[M::ha_pt_gen::] counting in normal mode
[M::yak_count] collected 131755447 minimizers
[M::ha_pt_gen::858.544*23.56] ==> indexed 131632112 positions, counted 3717864 distinct minimizer k-mers
[M::ha_print_ovlp_stat_0] # overlaps: 23050844
[M::ha_print_ovlp_stat_0] # strong overlaps: 1798544
[M::ha_print_ovlp_stat_0] # weak overlaps: 21252300
[M::ha_print_ovlp_stat_0] # exact overlaps: 22746507
[M::ha_print_ovlp_stat_0] # inexact overlaps: 304337
[M::ha_print_ovlp_stat_0] # overlaps without large indels: 23011592
[M::ha_print_ovlp_stat_0] # reverse overlaps: 1605737
[M::ha_print_ovlp_stat_0] # running time: 56.329
[M::ha_assemble::915.335*24.05@17.678GB] ==> found overlaps for the final round
[M::ha_opt_update_cov_min] updated max_n_chain to 190
Writing reads to disk... 
Reads has been written.
Writing ma_hit_ts to disk... 
ma_hit_ts has been written.
Writing ma_hit_ts to disk... 
ma_hit_ts has been written.
bin files have been written.
[M::purge_dups] homozygous read coverage threshold: 37
[M::purge_dups] purge duplication coverage threshold: 47
[M::ug_ext_gfa::] # tips::63
Writing raw unitig GFA to disk... 
Writing processed unitig GFA to disk... 
[M::purge_dups] homozygous read coverage threshold: 37
[M::purge_dups] purge duplication coverage threshold: 47
[M::mc_solve:: # edges: 998]
[M::mc_solve_core_adv::0.071] ==> Partition
[M::adjust_utg_by_primary] primary contig coverage range: [31, infinity]
Writing /data/homezvol2/valenp1/myrepos/ee282/data/raw/ISO1_Hifi_AdaptorRem.40X.asm.bp.p_ctg.gfa to disk... 
[M::reduce_hamming_error_adv::0.009] # inserted edges: 0, # fixed bubbles: 0
[M::adjust_utg_by_trio] primary contig coverage range: [31, infinity]
[M::recall_arcs] # transitive arcs::70
[M::recall_arcs] # new arcs::3148, # old arcs::1820
[M::clean_trio_untig_graph] # adjusted arcs::0
[M::adjust_utg_by_trio] primary contig coverage range: [31, infinity]
[M::recall_arcs] # transitive arcs::154
[M::recall_arcs] # new arcs::3382, # old arcs::1860
[M::clean_trio_untig_graph] # adjusted arcs::0
[M::output_trio_graph_joint] dedup_base::5476684, miss_base::0
Writing /data/homezvol2/valenp1/myrepos/ee282/data/raw/ISO1_Hifi_AdaptorRem.40X.asm.bp.hap1.p_ctg.gfa to disk... 
Writing /data/homezvol2/valenp1/myrepos/ee282/data/raw/ISO1_Hifi_AdaptorRem.40X.asm.bp.hap2.p_ctg.gfa to disk... 
Inconsistency threshold for low-quality regions in BED files: 70%
[M::main] Version: 0.21.0-r686
[M::main] CMD: hifiasm -o /data/homezvol2/valenp1/myrepos/ee282/data/raw/ISO1_Hifi_AdaptorRem.40X.asm -t 32 /data/homezvol2/valenp1/myrepos/ee282/data/raw/ISO1_Hifi_AdaptorRem.40X.fasta.gz
[M::main] Real time: 1025.858 sec; CPU: 22068.759 sec; Peak RSS: 17.678 GB
